TN:
SF:src\app.ts
FN:13,(anonymous_1)
FNF:1
FNH:1
FNDA:1,(anonymous_1)
DA:1,1
DA:2,1
DA:4,1
DA:5,1
DA:6,1
DA:8,1
DA:10,1
DA:11,1
DA:13,1
DA:14,1
DA:17,1
DA:18,1
DA:20,1
DA:22,1
LF:14
LH:14
BRF:0
BRH:0
end_of_record
TN:
SF:src\lib\prisma.ts
FNF:0
FNH:0
DA:3,1
DA:5,1
LF:2
LH:2
BRF:0
BRH:0
end_of_record
TN:
SF:src\middleware\error.middleware.ts
FN:3,(anonymous_0)
FNF:1
FNH:1
FNDA:2,(anonymous_0)
DA:3,1
DA:9,2
DA:11,2
LF:3
LH:3
BRDA:13,0,0,2
BRDA:13,0,1,0
BRF:2
BRH:1
end_of_record
TN:
SF:src\modules\employee\employee.controller.ts
FN:12,(anonymous_0)
FN:31,(anonymous_1)
FN:45,(anonymous_2)
FN:59,(anonymous_3)
FNF:4
FNH:4
FNDA:4,(anonymous_0)
FNDA:5,(anonymous_1)
FNDA:2,(anonymous_2)
FNDA:2,(anonymous_3)
DA:3,2
DA:10,2
DA:12,2
DA:16,4
DA:17,4
DA:18,4
DA:20,4
DA:22,4
DA:31,2
DA:35,5
DA:37,2
DA:39,2
DA:45,2
DA:49,2
DA:51,2
DA:53,2
DA:59,2
DA:63,2
DA:65,1
LF:19
LH:19
BRDA:16,0,0,4
BRDA:16,0,1,1
BRDA:17,1,0,4
BRDA:17,1,1,1
BRDA:18,2,0,4
BRDA:18,2,1,3
BRF:6
BRH:6
end_of_record
TN:
SF:src\modules\employee\employee.routes.ts
FNF:0
FNH:0
DA:1,1
DA:3,1
DA:10,1
DA:12,1
DA:13,1
DA:14,1
DA:15,1
DA:17,1
LF:8
LH:8
BRF:0
BRH:0
end_of_record
TN:
SF:src\modules\employee\employee.service.ts
FN:3,(anonymous_0)
FN:45,(anonymous_1)
FN:51,(anonymous_2)
FN:58,(anonymous_3)
FNF:4
FNH:4
FNDA:7,(anonymous_0)
FNDA:2,(anonymous_1)
FNDA:3,(anonymous_2)
FNDA:2,(anonymous_3)
DA:1,2
DA:3,2
DA:8,7
DA:10,7
DA:27,7
DA:39,7
DA:45,2
DA:46,2
DA:51,2
DA:52,3
DA:58,2
DA:59,2
LF:12
LH:12
BRF:0
BRH:0
end_of_record
TN:
SF:src\modules\employee\employee.validation.ts
FNF:0
FNH:0
DA:1,2
DA:3,2
LF:2
LH:2
BRF:0
BRH:0
end_of_record
TN:
SF:src\modules\insights\insights.controller.ts
FN:10,(anonymous_0)
FN:24,(anonymous_1)
FN:39,(anonymous_2)
FN:51,(anonymous_3)
FNF:4
FNH:4
FNDA:3,(anonymous_0)
FNDA:2,(anonymous_1)
FNDA:3,(anonymous_2)
FNDA:3,(anonymous_3)
DA:3,2
DA:10,2
DA:14,3
DA:16,3
DA:18,2
DA:24,2
DA:28,2
DA:29,2
DA:31,2
DA:33,2
DA:39,2
DA:43,3
DA:45,3
DA:51,2
DA:55,3
DA:57,2
LF:16
LH:16
BRF:0
BRH:0
end_of_record
TN:
SF:src\modules\insights\insights.routes.ts
FNF:0
FNH:0
DA:1,1
DA:3,1
DA:10,1
DA:12,1
DA:13,1
DA:14,1
DA:15,1
DA:17,1
LF:8
LH:8
BRF:0
BRH:0
end_of_record
TN:
SF:src\modules\insights\insights.service.ts
FN:3,(anonymous_0)
FN:23,(anonymous_1)
FN:39,(anonymous_2)
FN:48,(anonymous_3)
FN:76,(anonymous_4)
FN:93,(anonymous_5)
FN:99,(anonymous_6)
FNF:7
FNH:3
FNDA:0,(anonymous_0)
FNDA:0,(anonymous_1)
FNDA:1,(anonymous_2)
FNDA:10,(anonymous_3)
FNDA:24,(anonymous_4)
FNDA:0,(anonymous_5)
FNDA:0,(anonymous_6)
DA:1,1
DA:3,1
DA:4,0
DA:20,0
DA:23,1
DA:27,0
DA:39,1
DA:40,1
DA:48,10
DA:53,1
DA:67,1
DA:68,1
DA:69,1
DA:72,1
DA:73,1
DA:76,24
DA:77,1
DA:79,1
DA:93,1
DA:94,0
DA:99,0
LF:21
LH:16
BRDA:50,0,0,10
BRDA:50,0,1,0
BRDA:50,1,0,0
BRDA:50,1,1,0
BRDA:76,2,0,24
BRDA:76,2,1,0
BRDA:76,3,0,24
BRDA:76,3,1,0
BRDA:77,4,0,1
BRDA:77,4,1,0
BRDA:83,5,0,1
BRDA:83,5,1,0
BRDA:84,6,0,1
BRDA:84,6,1,0
BRDA:85,7,0,1
BRDA:85,7,1,0
BRDA:89,8,0,1
BRDA:89,8,1,0
BRDA:101,9,0,0
BRDA:101,9,1,0
BRDA:101,10,0,0
BRDA:101,10,1,0
BRF:22
BRH:8
end_of_record
